<?xml version="1.0" encoding="UTF-8"?>
<!-- Generated by org.testng.reporters.JUnitXMLReporter -->
<testsuite ignored="0" hostname="AZV-01-7T0004" failures="0" tests="3" name="Default test" time="6.134" errors="0" timestamp="2026-01-22T13:02:59 IST">
  <testcase classname="RestAssuredProject.RestAssuredProject.DynamicJson" name="addBook" time="4.927"/>
  <testcase classname="RestAssuredProject.RestAssuredProject.DynamicJson" name="addBook" time="0.568"/>
  <testcase classname="RestAssuredProject.RestAssuredProject.DynamicJson" name="addBook" time="0.516"/>
</testsuite> <!-- Default test -->
