<?xml version="1.0" encoding="UTF-8"?>
<testng-results ignored="0" total="3" passed="3" failed="0" skipped="0">
  <reporter-output>
  </reporter-output>
  <suite started-at="2026-01-22T13:02:52 IST" name="Default suite" finished-at="2026-01-22T13:02:58 IST" duration-ms="6134">
    <groups>
    </groups>
    <test started-at="2026-01-22T13:02:52 IST" name="Default test" finished-at="2026-01-22T13:02:58 IST" duration-ms="6134">
      <class name="RestAssuredProject.RestAssuredProject.DynamicJson">
        <test-method signature="addBook(java.lang.String,java.lang.String)[pri:0, instance:RestAssuredProject.RestAssuredProject.DynamicJson@55b699ef]" started-at="2026-01-22T13:02:52 IST" name="addBook" data-provider="BooksData" finished-at="2026-01-22T13:02:57 IST" duration-ms="4927" status="PASS">
          <params>
            <param index="0">
              <value>
                <![CDATA[vbnf]]>
              </value>
            </param>
            <param index="1">
              <value>
                <![CDATA[2354]]>
              </value>
            </param>
          </params>
          <reporter-output>
          </reporter-output>
        </test-method> <!-- addBook -->
        <test-method signature="addBook(java.lang.String,java.lang.String)[pri:0, instance:RestAssuredProject.RestAssuredProject.DynamicJson@55b699ef]" started-at="2026-01-22T13:02:57 IST" name="addBook" data-provider="BooksData" finished-at="2026-01-22T13:02:58 IST" duration-ms="568" status="PASS">
          <params>
            <param index="0">
              <value>
                <![CDATA[jksdh]]>
              </value>
            </param>
            <param index="1">
              <value>
                <![CDATA[9872]]>
              </value>
            </param>
          </params>
          <reporter-output>
          </reporter-output>
        </test-method> <!-- addBook -->
        <test-method signature="addBook(java.lang.String,java.lang.String)[pri:0, instance:RestAssuredProject.RestAssuredProject.DynamicJson@55b699ef]" started-at="2026-01-22T13:02:58 IST" name="addBook" data-provider="BooksData" finished-at="2026-01-22T13:02:58 IST" duration-ms="516" status="PASS">
          <params>
            <param index="0">
              <value>
                <![CDATA[ghjs]]>
              </value>
            </param>
            <param index="1">
              <value>
                <![CDATA[7687]]>
              </value>
            </param>
          </params>
          <reporter-output>
          </reporter-output>
        </test-method> <!-- addBook -->
      </class> <!-- RestAssuredProject.RestAssuredProject.DynamicJson -->
    </test> <!-- Default test -->
  </suite> <!-- Default suite -->
</testng-results>
