<?xml version="1.0" encoding="UTF-8"?>
<!-- Generated by org.testng.reporters.JUnitReportReporter -->
<testsuite hostname="AZV-01-7T0004" failures="0" tests="3" name="RestAssuredProject.RestAssuredProject.DynamicJson" time="6.011" errors="0" timestamp="2026-01-22T13:02:59 IST" skipped="0">
  <testcase classname="RestAssuredProject.RestAssuredProject.DynamicJson" name="addBook" time="4.927"/>
  <testcase classname="RestAssuredProject.RestAssuredProject.DynamicJson" name="addBook" time="0.568"/>
  <testcase classname="RestAssuredProject.RestAssuredProject.DynamicJson" name="addBook" time="0.516"/>
</testsuite> <!-- RestAssuredProject.RestAssuredProject.DynamicJson -->
